0 info it worked if it ends with ok
1 verbose cli [ 'E:\\Program Files\\node.exe',
1 verbose cli   'E:\\Program Files\\node_modules\\npm\\bin\\npm-cli.js',
1 verbose cli   'run',
1 verbose cli   'dev' ]
2 info using npm@3.10.9
3 info using node@v7.2.0
4 verbose run-script [ 'predev', 'dev', 'postdev' ]
5 info lifecycle webpacklist@1.0.0~predev: webpacklist@1.0.0
6 silly lifecycle webpacklist@1.0.0~predev: no script for predev, continuing
7 info lifecycle webpacklist@1.0.0~dev: webpacklist@1.0.0
8 verbose lifecycle webpacklist@1.0.0~dev: unsafe-perm in lifecycle true
9 verbose lifecycle webpacklist@1.0.0~dev: PATH: E:\Program Files\node_modules\npm\bin\node-gyp-bin;F:\work\nn-web\node_modules\.bin;F:\app\Administrator\virtual\virtual\product\12.2.0\dbhome_1\bin;F:\app\Administrator\virtual\product\12.2.0\dbhome_1\bin;C:\ProgramData\Oracle\Java\javapath;C:\Program Files (x86)\Intel\iCLS Client\;C:\Program Files\Intel\iCLS Client\;C:\Windows\system32;C:\Windows;C:\Windows\System32\Wbem;C:\Windows\System32\WindowsPowerShell\v1.0\;C:\Program Files (x86)\ATI Technologies\ATI.ACE\Core-Static;C:\Program Files\Intel\Intel(R) Management Engine Components\DAL;C:\Program Files\Intel\Intel(R) Management Engine Components\IPT;C:\Program Files (x86)\Intel\Intel(R) Management Engine Components\DAL;C:\Program Files (x86)\Intel\Intel(R) Management Engine Components\IPT;E:\Program Files\Microsoft SQL Server\110\DTS\Binn\;E:\Program Files (x86)\Microsoft SQL Server\110\Tools\Binn\;E:\Program Files\Microsoft SQL Server\110\Tools\Binn\;E:\Program Files (x86)\Microsoft SQL Server\110\Tools\Binn\ManagementStudio\;E:\Program Files (x86)\Microsoft SQL Server\110\DTS\Binn\;E:\Program Files\;C:\Program Files (x86)\Skype\Phone\;C:\Program Files\TortoiseSVN\bin;E:\Program Files (x86)\bin;C:\Program Files (x86)\NVIDIA Corporation\PhysX\Common;c:\C:\Python27;E:\Git\cmd;C:\Users\Administrator\AppData\Roaming\npm
10 verbose lifecycle webpacklist@1.0.0~dev: CWD: F:\work\nn-web
11 silly lifecycle webpacklist@1.0.0~dev: Args: [ '/d /s /c',
11 silly lifecycle   'webpack-dev-server --profile --config ./build/webpack-base --inline' ]
12 verbose stack Error: kill ENOSYS
12 verbose stack     at exports._errnoException (util.js:1022:11)
12 verbose stack     at process.kill (internal/process.js:173:13)
12 verbose stack     at process.listener (E:\Program Files\node_modules\npm\node_modules\npmlog\node_modules\gauge\node_modules\signal-exit\index.js:86:15)
12 verbose stack     at emitNone (events.js:91:20)
12 verbose stack     at process.emit (events.js:185:7)
12 verbose stack     at processEmit (E:\Program Files\node_modules\npm\node_modules\npmlog\node_modules\gauge\node_modules\signal-exit\index.js:146:32)
12 verbose stack     at processEmit (E:\Program Files\node_modules\npm\node_modules\npm-registry-client\node_modules\npmlog\node_modules\gauge\node_modules\signal-exit\index.js:146:32)
12 verbose stack     at Signal.wrap.onsignal (internal/process.js:200:44)
13 verbose cwd F:\work\nn-web
14 error Windows_NT 6.1.7601
15 error argv "E:\\Program Files\\node.exe" "E:\\Program Files\\node_modules\\npm\\bin\\npm-cli.js" "run" "dev"
16 error node v7.2.0
17 error npm  v3.10.9
18 error code ENOSYS
19 error errno ENOSYS
20 error syscall kill
21 error kill ENOSYS
22 error If you need help, you may report this error at:
22 error     <https://github.com/npm/npm/issues>
23 verbose exit [ 1, true ]
